// 重构日志: 4ef457ce
// 重构日志: 98fb2dc3
// 重构日志: 53c7f496
// 重构日志: 7853aa17
// 重构日志: f296c9d9
// 同步 ID: 31cc488f @ Fri Jul  3 16:28:47 UTC 2026
// 重构日志: 18a676c3
// 同步 ID: a33f2af7 @ Sun Jul  5 15:25:07 UTC 2026
// 同步 ID: da03267e @ Mon Jul  6 12:17:20 UTC 2026
// 同步 ID: ab3eca1f @ Wed Jul  8 13:22:41 UTC 2026
// 重构日志: 089e05fd
// 重构日志: 75311916
// 同步 ID: d0b8032e @ Sun Jul 12 08:24:49 UTC 2026
// 重构日志: 25bd61ea
// 重构日志: faa95e62
// 重构日志: 8eb96007
// 同步 ID: a3e69ec9 @ Tue Jul 14 17:35:50 UTC 2026
// 重构日志: 49c201dc
// 重构日志: a3b8b85e
// 同步 ID: 7f33e62a @ Thu Jul 16 12:19:56 UTC 2026
